C51 COMPILER V9.52.0.0   DELAY                                                             03/30/2019 11:52:02 PAGE 1   


C51 COMPILER V9.52.0.0, COMPILATION OF MODULE DELAY
OBJECT MODULE PLACED IN ..\OBJ\delay.obj
COMPILER INVOKED BY: D:\Keil4\C51\BIN\C51.EXE ..\SYSTEM\delay\delay.c LARGE OBJECTADVANCED OPTIMIZE(9,SIZE) BROWSE ORDER
                    - NOAREGS INCDIR(..\HARDWARE\ds1302;..\HARDWARE\ds18b20;..\HARDWARE\lcd;..\HARDWARE\RX8010;..\HARDWARE\sht21;..\HARDWARE\
                    -sht31;..\HARDWARE\w25x;..\SYSTEM\delay;..\SYSTEM\stc_eeprom;..\SYSTEM;..\CODE) DEBUG PRINT(.\delay.lst) TABS(2) OBJECT(.
                    -.\OBJ\delay.obj)

line level    source

   1          #include <INTRINS.H>
   2          #include "delay.h"
   3          
   4          void delay_us(u16_t t)
   5          {
   6   1        while(--t)
   7   1        {
   8   2           _nop_();
   9   2        }
  10   1      }
  11          
  12          
  13          void delay_ms(u16_t t)
  14          {
  15   1        unsigned int i;
  16   1        while(--t)
  17   1        {
  18   2           i=1100;
  19   2           while(--i)
  20   2           {
  21   3              _nop_();
  22   3           }
  23   2        }
  24   1      }
  25          


MODULE INFORMATION:   STATIC OVERLAYABLE
   CODE SIZE        =     50    ----
   CONSTANT SIZE    =   ----    ----
   XDATA SIZE       =   ----    ----
   PDATA SIZE       =   ----    ----
   DATA SIZE        =   ----    ----
   IDATA SIZE       =   ----    ----
   BIT SIZE         =   ----    ----
   EDATA SIZE       =   ----    ----
   HDATA SIZE       =   ----    ----
   XDATA CONST SIZE =   ----    ----
   FAR CONST SIZE   =   ----    ----
END OF MODULE INFORMATION.


C51 COMPILATION COMPLETE.  0 WARNING(S),  0 ERROR(S)
