C51 COMPILER V9.59.0.0   STCROMCRC16                                                       04/19/2019 08:51:28 PAGE 1   


C51 COMPILER V9.59.0.0, COMPILATION OF MODULE STCROMCRC16
OBJECT MODULE PLACED IN ..\OBJ\StcRomCrc16.obj
COMPILER INVOKED BY: D:\Keil_v5\C51\BIN\C51.EXE ..\CODE\StcRomCrc16.c LARGE OBJECTADVANCED OPTIMIZE(9,SIZE) BROWSE ORDER
                    - NOAREGS INCDIR(..\HARDWARE\ds1302;..\HARDWARE\ds18b20;..\HARDWARE\lcd;..\HARDWARE\RX8010;..\HARDWARE\sht21;..\HARDWARE\
                    -sht31;..\HARDWARE\w25x;..\SYSTEM\delay;..\SYSTEM\stc_eeprom;..\SYSTEM;..\CODE) DEBUG PRINT(.\StcRomCrc16.lst) TABS(2) OB
                    -JECT(..\OBJ\StcRomCrc16.obj)

line level    source

   1          //#include "all.h"
   2          
   3          //static unsigned int crc_16(unsigned int crc16_init,unsigned char *Cdata, unsigned int len);
   4          
   5          //static unsigned int code crc_table[256] ={
   6          //  0x0000, 0x1021, 0x2042, 0x3063, 0x4084, 0x50a5, 0x60c6, 0x70e7, 0x8108, 0x9129, 0xa14a, 0xb16b, 
   7          //  0xc18c, 0xd1ad, 0xe1ce, 0xf1ef, 0x1231, 0x0210, 0x3273, 0x2252, 0x52b5, 0x4294, 0x72f7, 0x62d6, 
   8          //  0x9339, 0x8318, 0xb37b, 0xa35a, 0xd3bd, 0xc39c, 0xf3ff, 0xe3de, 0x2462, 0x3443, 0x0420, 0x1401, 
   9          //  0x64e6, 0x74c7, 0x44a4, 0x5485, 0xa56a, 0xb54b, 0x8528, 0x9509, 0xe5ee, 0xf5cf, 0xc5ac, 0xd58d, 
  10          //  0x3653, 0x2672, 0x1611, 0x0630, 0x76d7, 0x66f6, 0x5695, 0x46b4, 0xb75b, 0xa77a, 0x9719, 0x8738, 
  11          //  0xf7df, 0xe7fe, 0xd79d, 0xc7bc, 0x48c4, 0x58e5, 0x6886, 0x78a7, 0x0840, 0x1861, 0x2802, 0x3823, 
  12          //  0xc9cc, 0xd9ed, 0xe98e, 0xf9af, 0x8948, 0x9969, 0xa90a, 0xb92b, 0x5af5, 0x4ad4, 0x7ab7, 0x6a96, 
  13          //  0x1a71, 0x0a50, 0x3a33, 0x2a12, 0xdbfd, 0xcbdc, 0xfbbf, 0xeb9e, 0x9b79, 0x8b58, 0xbb3b, 0xab1a, 
  14          //  0x6ca6, 0x7c87, 0x4ce4, 0x5cc5, 0x2c22, 0x3c03, 0x0c60, 0x1c41, 0xedae, 0xfd8f, 0xcdec, 0xddcd, 
  15          //  0xad2a, 0xbd0b, 0x8d68, 0x9d49, 0x7e97, 0x6eb6, 0x5ed5, 0x4ef4, 0x3e13, 0x2e32, 0x1e51, 0x0e70, 
  16          //  0xff9f, 0xefbe, 0xdfdd, 0xcffc, 0xbf1b, 0xaf3a, 0x9f59, 0x8f78, 0x9188, 0x81a9, 0xb1ca, 0xa1eb, 
  17          //  0xd10c, 0xc12d, 0xf14e, 0xe16f, 0x1080, 0x00a1, 0x30c2, 0x20e3, 0x5004, 0x4025, 0x7046, 0x6067, 
  18          //  0x83b9, 0x9398, 0xa3fb, 0xb3da, 0xc33d, 0xd31c, 0xe37f, 0xf35e, 0x02b1, 0x1290, 0x22f3, 0x32d2, 
  19          //  0x4235, 0x5214, 0x6277, 0x7256, 0xb5ea, 0xa5cb, 0x95a8, 0x8589, 0xf56e, 0xe54f, 0xd52c, 0xc50d, 
  20          //  0x34e2, 0x24c3, 0x14a0, 0x0481, 0x7466, 0x6447, 0x5424, 0x4405, 0xa7db, 0xb7fa, 0x8799, 0x97b8, 
  21          //  0xe75f, 0xf77e, 0xc71d, 0xd73c, 0x26d3, 0x36f2, 0x0691, 0x16b0, 0x6657, 0x7676, 0x4615, 0x5634, 
  22          //  0xd94c, 0xc96d, 0xf90e, 0xe92f, 0x99c8, 0x89e9, 0xb98a, 0xa9ab, 0x5844, 0x4865, 0x7806, 0x6827, 
  23          //  0x18c0, 0x08e1, 0x3882, 0x28a3, 0xcb7d, 0xdb5c, 0xeb3f, 0xfb1e, 0x8bf9, 0x9bd8, 0xabbb, 0xbb9a, 
  24          //  0x4a75, 0x5a54, 0x6a37, 0x7a16, 0x0af1, 0x1ad0, 0x2ab3, 0x3a92, 0xfd2e, 0xed0f, 0xdd6c, 0xcd4d, 
  25          //  0xbdaa, 0xad8b, 0x9de8, 0x8dc9, 0x7c26, 0x6c07, 0x5c64, 0x4c45, 0x3ca2, 0x2c83, 0x1ce0, 0x0cc1, 
  26          //  0xef1f, 0xff3e, 0xcf5d, 0xdf7c, 0xaf9b, 0xbfba, 0x8fd9, 0x9ff8, 0x6e17, 0x7e36, 0x4e55, 0x5e74, 
  27          //  0x2e93, 0x3eb2, 0x0ed1, 0x1ef0};
  28          
  29          
  30          //unsigned int crc16_init --- 上次计算的数据    unsigned int crc16 = 0x0000; 
  31          //unsigned char *Cdata --- 数据序列
  32          //unsigned int len --- 数据长度
  33          //unsigned int crc_16(unsigned int crc16_init,unsigned char *Cdata, unsigned int len)
  34          //{    
  35          //  unsigned int crc16 = 0x0000;    
  36          //  unsigned int crc_h8, crc_l8;  
  37          //  
  38          //  crc16 = crc16_init;
  39          //  while( len-- ) 
  40          //  {   
  41          //    crc_h8 = (crc16 >> 8);          
  42          //    crc_l8 = (crc16 << 8);          
  43          //    crc16 = crc_l8 ^ crc_table[crc_h8 ^ *Cdata];          
  44          //    Cdata++;      
  45          //  }
  46          //    
  47          //  return crc16;
  48          //}
  49          
  50          //unsigned int Stc_Rom_CheckSum_Result = 0;//CheckSum计算的结果
  51          //此函数放在初始化IO之后，以最大限度节约MCU时间
  52          //void STC_ROM_CheckSum_Calc_Fun(void)
C51 COMPILER V9.59.0.0   STCROMCRC16                                                       04/19/2019 08:51:28 PAGE 2   

  53          //{
  54          //  unsigned int ROM_Add;//
  55          //  unsigned char i,Stc_CheckSum_Buffer[16];//
  56          
  57          //  ROM_Add = 0;  
  58          //  Stc_Rom_CheckSum_Result = 0;
  59          //  for(ROM_Add=0;ROM_Add<0xefff;ROM_Add+=0x0f)
  60          //  {
  61          //    for(i=0;i<16;i++)
  62          //    {
  63          //      Stc_CheckSum_Buffer[i]=CBYTE[0x0000 + ROM_Add + i];
  64          //    }
  65          
  66          //    Stc_Rom_CheckSum_Result = crc_16(Stc_Rom_CheckSum_Result,Stc_CheckSum_Buffer, 16);      
  67          //  }
  68          //}
  69          
  70          //void STC_ROM_CheckSum_Compare(void)
  71          //{
  72          //  unsigned int Check_x;
  73          //  Check_x = STC_IAP_Byte_Read(0x201)*256;    //读EEPROM的值 
  74          //  Check_x += STC_IAP_Byte_Read(0x200);    //读EEPROM的值  
  75          //  
  76          //  LCD_ShowxNum(62,90,16,5,Check_x,0x80,BLUE18);//
  77          //  LCD_ShowxNum(62,180,16,5,Stc_Rom_CheckSum_Result,0x80,BLUE18);//
  78          //  if(Stc_Rom_CheckSum_Result != Check_x)
  79          //  {
  80          //    LCD_ShowString(90,140,16,280,"CheckSum NG!",0,BLUE18);
  81          //  }
  82          //  else
  83          //  {
  84          //    LCD_ShowString(90,140,16,280,"CheckSum OK!",0,BLUE18);    
  85          //  }
  86          //}
  87          
  88          
  89          
  90          
  91          
  92          


MODULE INFORMATION:   STATIC OVERLAYABLE
   CODE SIZE        =   ----    ----
   CONSTANT SIZE    =   ----    ----
   XDATA SIZE       =   ----    ----
   PDATA SIZE       =   ----    ----
   DATA SIZE        =   ----    ----
   IDATA SIZE       =   ----    ----
   BIT SIZE         =   ----    ----
   EDATA SIZE       =   ----    ----
   HDATA SIZE       =   ----    ----
   XDATA CONST SIZE =   ----    ----
   FAR CONST SIZE   =   ----    ----
END OF MODULE INFORMATION.


C51 COMPILATION COMPLETE.  0 WARNING(S),  0 ERROR(S)
