C51 COMPILER V9.52.0.0   SUB_TIK_FUNCTION                                                  04/04/2019 16:21:57 PAGE 1   


C51 COMPILER V9.52.0.0, COMPILATION OF MODULE SUB_TIK_FUNCTION
OBJECT MODULE PLACED IN ..\OBJ\Sub_Tik_Function.obj
COMPILER INVOKED BY: D:\Keil4\C51\BIN\C51.EXE ..\CODE\Sub_Tik_Function.c LARGE OBJECTADVANCED OPTIMIZE(9,SIZE) BROWSE OR
                    -DER NOAREGS INCDIR(..\HARDWARE\ds1302;..\HARDWARE\ds18b20;..\HARDWARE\lcd;..\HARDWARE\RX8010;..\HARDWARE\sht21;..\HARDWA
                    -RE\sht31;..\HARDWARE\w25x;..\SYSTEM\delay;..\SYSTEM\stc_eeprom;..\SYSTEM;..\CODE) DEBUG PRINT(.\Sub_Tik_Function.lst) TA
                    -BS(2) OBJECT(..\OBJ\Sub_Tik_Function.obj)

line level    source

   1          #include "all.h"
   2          //******************************************************************************
   3          //foreground Assist task, functions placed on timer interrupts
   4          //******************************************************************************
   5          //******************************************************************************
   6          
   7          
   8          void Sub_Tik_FunctionS(void) //Execute tasks every 100mS
   9          { 
  10   1        Key_UP_TikFunc();//Key Detection Time Scale Execution
  11   1        Key_Down_TikFunc();
  12   1        Key_OK_TikFunc();
  13   1        Key_Mute_TikFunc();
  14   1        
  15   1        HmiPostFunc_Tik_Cnt();//UI Time Scale Execution
  16   1        HmiFactoryDefault_Tik_Cnt();
  17   1        HmiNon_InvasiveSel_Tik_Cnt();
  18   1        HmiScreenSaverMode_Tik_Cnt();
  19   1      }                         


MODULE INFORMATION:   STATIC OVERLAYABLE
   CODE SIZE        =     24    ----
   CONSTANT SIZE    =   ----    ----
   XDATA SIZE       =   ----    ----
   PDATA SIZE       =   ----    ----
   DATA SIZE        =   ----    ----
   IDATA SIZE       =   ----    ----
   BIT SIZE         =   ----    ----
   EDATA SIZE       =   ----    ----
   HDATA SIZE       =   ----    ----
   XDATA CONST SIZE =   ----    ----
   FAR CONST SIZE   =   ----    ----
END OF MODULE INFORMATION.


C51 COMPILATION COMPLETE.  0 WARNING(S),  0 ERROR(S)
