C51 COMPILER V9.52.0.0   MAIN_TIK_TOK                                                      03/30/2019 01:20:48 PAGE 1   


C51 COMPILER V9.52.0.0, COMPILATION OF MODULE MAIN_TIK_TOK
OBJECT MODULE PLACED IN ..\OBJ\Main_Tik_Tok.obj
COMPILER INVOKED BY: D:\Keil4\C51\BIN\C51.EXE ..\CODE\Main_Tik_Tok.c LARGE OBJECTADVANCED OPTIMIZE(9,SIZE) BROWSE ORDER 
                    -NOAREGS INCDIR(..\HARDWARE\ds1302;..\HARDWARE\ds18b20;..\HARDWARE\lcd;..\HARDWARE\RX8010;..\HARDWARE\sht21;..\HARDWARE\s
                    -ht31;..\HARDWARE\w25x;..\SYSTEM\delay;..\SYSTEM\stc_eeprom;..\SYSTEM;..\CODE) DEBUG PRINT(.\Main_Tik_Tok.lst) TABS(2) OB
                    -JECT(..\OBJ\Main_Tik_Tok.obj)

line level    source

   1          #include "all.h"
   2          
   3          //******************************************************************************
   4          //******************************************************************************
   5          static unsigned  int Sub_1_TikCount = 0;  
   6          //******************************************************************************
   7          
   8          //2019.03.29
   9          sfr AUXR  = 0x8E;
  10          sfr TMOD = 0x89;
  11          sfr TL0  = 0x8A;
  12          sfr TH0  = 0x8C;
  13          sbit ET0      = 0xA8^1;
  14          sbit TF0 = 0x88^5;
  15          sbit TR0 = 0x88^4;
  16          
  17          //******************************************************************************
  18          void Main_Tik_Tok_Initial_Fun(void)//Initialize the timer(20mS)
  19          {
  20   1        AUXR &= 0x7F;   //Timer 12T mode
  21   1        TMOD &= 0xF0;   //set Timer mode
  22   1        TMOD |= 0x01;   //
  23   1        TL0 = 0x00;     //Timer0 Initial Value
  24   1        TH0 = 0x70;     //
  25   1        TF0 = 0;        //clear TF0 flag
  26   1        TR0 = 1;        //Timer0 enable
  27   1        ET0=1;          //Timer0 interrupt enable
  28   1      }
  29          
  30          //*****************************************************************************
  31          //*****************************************************************************
  32          void Timer_T0_INT_Main(void) //20mS
  33          {
  34   1        TL0 = 0x00;   //Timer0 set value
  35   1        TH0 = 0x70;   //
  36   1        
  37   1        Main_Tik_FunctionS();  //execute foreground task once
  38   1        Sound_Type_Drive();    //Sound drive
  39   1        Sub_1_TikCount++;     
  40   1        if(Sub_1_TikCount>=5)  //100mS
  41   1        {
  42   2          Sub_1_TikCount=0;
  43   2          Sub_Tik_FunctionS();  //execute auxiliary foreground task once 
  44   2        }
  45   1      }


MODULE INFORMATION:   STATIC OVERLAYABLE
   CODE SIZE        =     70    ----
   CONSTANT SIZE    =   ----    ----
   XDATA SIZE       =      2    ----
   PDATA SIZE       =   ----    ----
C51 COMPILER V9.52.0.0   MAIN_TIK_TOK                                                      03/30/2019 01:20:48 PAGE 2   

   DATA SIZE        =   ----    ----
   IDATA SIZE       =   ----    ----
   BIT SIZE         =   ----    ----
   EDATA SIZE       =   ----    ----
   HDATA SIZE       =   ----    ----
   XDATA CONST SIZE =   ----    ----
   FAR CONST SIZE   =   ----    ----
END OF MODULE INFORMATION.


C51 COMPILATION COMPLETE.  0 WARNING(S),  0 ERROR(S)
